ARM GAS  C:\Users\dev\AppData\Local\Temp\ccrlOlx6.s 			page 1


   1              		.syntax unified
   2              		.cpu cortex-m4
   3              		.eabi_attribute 27, 1
   4              		.fpu fpv4-sp-d16
   5              		.eabi_attribute 20, 1
   6              		.eabi_attribute 21, 1
   7              		.eabi_attribute 23, 3
   8              		.eabi_attribute 24, 1
   9              		.eabi_attribute 25, 1
  10              		.eabi_attribute 26, 1
  11              		.eabi_attribute 30, 1
  12              		.eabi_attribute 34, 1
  13              		.eabi_attribute 18, 4
  14              		.thumb
  15              		.syntax unified
  16              		.file	"myUART.c"
  17              		.text
  18              	.Ltext0:
  19              		.cfi_sections	.debug_frame
  20              		.section	.text.myUART_PutChar,"ax",%progbits
  21              		.align	2
  22              		.global	myUART_PutChar
  23              		.thumb
  24              		.thumb_func
  25              		.type	myUART_PutChar, %function
  26              	myUART_PutChar:
  27              	.LFB0:
  28              		.file 1 "myUART.c"
   1:myUART.c      **** /* ========================================
   2:myUART.c      ****  *
   3:myUART.c      ****  * Copyright FinkyDoodle, 2020
   4:myUART.c      ****  * All Rights Reserved
   5:myUART.c      ****  * UNPUBLISHED, LICENSED SOFTWARE.
   6:myUART.c      ****  *
   7:myUART.c      ****  * CONFIDENTIAL AND PROPRIETARY INFORMATION
   8:myUART.c      ****  * WHICH IS THE PROPERTY OF FinkyDoodle
   9:myUART.c      ****  *
  10:myUART.c      ****  * ========================================
  11:myUART.c      **** */
  12:myUART.c      **** 
  13:myUART.c      **** #include "myUART.h"
  14:myUART.c      **** 
  15:myUART.c      **** //Requires a GPIO PIN named MY_UART_PIN that is STRONG drive set high
  16:myUART.c      **** 
  17:myUART.c      **** void myUART_PutChar(char c) {
  29              		.loc 1 17 0
  30              		.cfi_startproc
  31              		@ args = 0, pretend = 0, frame = 0
  32              		@ frame_needed = 0, uses_anonymous_args = 0
  33              		@ link register save eliminated.
  34              	.LVL0:
  35 0000 7047     		bx	lr
  36              		.cfi_endproc
  37              	.LFE0:
  38              		.size	myUART_PutChar, .-myUART_PutChar
  39 0002 00BF     		.text
  40              	.Letext0:
ARM GAS  C:\Users\dev\AppData\Local\Temp\ccrlOlx6.s 			page 2


  41              		.section	.debug_info,"",%progbits
  42              	.Ldebug_info0:
  43 0000 64000000 		.4byte	0x64
  44 0004 0400     		.2byte	0x4
  45 0006 00000000 		.4byte	.Ldebug_abbrev0
  46 000a 04       		.byte	0x4
  47 000b 01       		.uleb128 0x1
  48 000c 68000000 		.4byte	.LASF1
  49 0010 0C       		.byte	0xc
  50 0011 5F000000 		.4byte	.LASF2
  51 0015 19000000 		.4byte	.LASF3
  52 0019 00000000 		.4byte	.Ldebug_ranges0+0
  53 001d 00000000 		.4byte	0
  54 0021 00000000 		.4byte	.Ldebug_line0
  55 0025 02       		.uleb128 0x2
  56 0026 00000000 		.4byte	.LASF4
  57 002a 01       		.byte	0x1
  58 002b 11       		.byte	0x11
  59 002c 00000000 		.4byte	.LFB0
  60 0030 02000000 		.4byte	.LFE0-.LFB0
  61 0034 01       		.uleb128 0x1
  62 0035 9C       		.byte	0x9c
  63 0036 59000000 		.4byte	0x59
  64 003a 03       		.uleb128 0x3
  65 003b 6300     		.ascii	"c\000"
  66 003d 01       		.byte	0x1
  67 003e 11       		.byte	0x11
  68 003f 59000000 		.4byte	0x59
  69 0043 01       		.uleb128 0x1
  70 0044 50       		.byte	0x50
  71 0045 04       		.uleb128 0x4
  72 0046 0F000000 		.4byte	.LASF5
  73 004a 01       		.byte	0x1
  74 004b 13       		.byte	0x13
  75 004c 60000000 		.4byte	0x60
  76 0050 07       		.uleb128 0x7
  77 0051 F3       		.byte	0xf3
  78 0052 01       		.uleb128 0x1
  79 0053 50       		.byte	0x50
  80 0054 08       		.byte	0x8
  81 0055 FF       		.byte	0xff
  82 0056 1A       		.byte	0x1a
  83 0057 9F       		.byte	0x9f
  84 0058 00       		.byte	0
  85 0059 05       		.uleb128 0x5
  86 005a 01       		.byte	0x1
  87 005b 08       		.byte	0x8
  88 005c 1B010000 		.4byte	.LASF0
  89 0060 06       		.uleb128 0x6
  90 0061 04       		.byte	0x4
  91 0062 05       		.byte	0x5
  92 0063 696E7400 		.ascii	"int\000"
  93 0067 00       		.byte	0
  94              		.section	.debug_abbrev,"",%progbits
  95              	.Ldebug_abbrev0:
  96 0000 01       		.uleb128 0x1
  97 0001 11       		.uleb128 0x11
ARM GAS  C:\Users\dev\AppData\Local\Temp\ccrlOlx6.s 			page 3


  98 0002 01       		.byte	0x1
  99 0003 25       		.uleb128 0x25
 100 0004 0E       		.uleb128 0xe
 101 0005 13       		.uleb128 0x13
 102 0006 0B       		.uleb128 0xb
 103 0007 03       		.uleb128 0x3
 104 0008 0E       		.uleb128 0xe
 105 0009 1B       		.uleb128 0x1b
 106 000a 0E       		.uleb128 0xe
 107 000b 55       		.uleb128 0x55
 108 000c 17       		.uleb128 0x17
 109 000d 11       		.uleb128 0x11
 110 000e 01       		.uleb128 0x1
 111 000f 10       		.uleb128 0x10
 112 0010 17       		.uleb128 0x17
 113 0011 00       		.byte	0
 114 0012 00       		.byte	0
 115 0013 02       		.uleb128 0x2
 116 0014 2E       		.uleb128 0x2e
 117 0015 01       		.byte	0x1
 118 0016 3F       		.uleb128 0x3f
 119 0017 19       		.uleb128 0x19
 120 0018 03       		.uleb128 0x3
 121 0019 0E       		.uleb128 0xe
 122 001a 3A       		.uleb128 0x3a
 123 001b 0B       		.uleb128 0xb
 124 001c 3B       		.uleb128 0x3b
 125 001d 0B       		.uleb128 0xb
 126 001e 27       		.uleb128 0x27
 127 001f 19       		.uleb128 0x19
 128 0020 11       		.uleb128 0x11
 129 0021 01       		.uleb128 0x1
 130 0022 12       		.uleb128 0x12
 131 0023 06       		.uleb128 0x6
 132 0024 40       		.uleb128 0x40
 133 0025 18       		.uleb128 0x18
 134 0026 9742     		.uleb128 0x2117
 135 0028 19       		.uleb128 0x19
 136 0029 01       		.uleb128 0x1
 137 002a 13       		.uleb128 0x13
 138 002b 00       		.byte	0
 139 002c 00       		.byte	0
 140 002d 03       		.uleb128 0x3
 141 002e 05       		.uleb128 0x5
 142 002f 00       		.byte	0
 143 0030 03       		.uleb128 0x3
 144 0031 08       		.uleb128 0x8
 145 0032 3A       		.uleb128 0x3a
 146 0033 0B       		.uleb128 0xb
 147 0034 3B       		.uleb128 0x3b
 148 0035 0B       		.uleb128 0xb
 149 0036 49       		.uleb128 0x49
 150 0037 13       		.uleb128 0x13
 151 0038 02       		.uleb128 0x2
 152 0039 18       		.uleb128 0x18
 153 003a 00       		.byte	0
 154 003b 00       		.byte	0
ARM GAS  C:\Users\dev\AppData\Local\Temp\ccrlOlx6.s 			page 4


 155 003c 04       		.uleb128 0x4
 156 003d 34       		.uleb128 0x34
 157 003e 00       		.byte	0
 158 003f 03       		.uleb128 0x3
 159 0040 0E       		.uleb128 0xe
 160 0041 3A       		.uleb128 0x3a
 161 0042 0B       		.uleb128 0xb
 162 0043 3B       		.uleb128 0x3b
 163 0044 0B       		.uleb128 0xb
 164 0045 49       		.uleb128 0x49
 165 0046 13       		.uleb128 0x13
 166 0047 02       		.uleb128 0x2
 167 0048 18       		.uleb128 0x18
 168 0049 00       		.byte	0
 169 004a 00       		.byte	0
 170 004b 05       		.uleb128 0x5
 171 004c 24       		.uleb128 0x24
 172 004d 00       		.byte	0
 173 004e 0B       		.uleb128 0xb
 174 004f 0B       		.uleb128 0xb
 175 0050 3E       		.uleb128 0x3e
 176 0051 0B       		.uleb128 0xb
 177 0052 03       		.uleb128 0x3
 178 0053 0E       		.uleb128 0xe
 179 0054 00       		.byte	0
 180 0055 00       		.byte	0
 181 0056 06       		.uleb128 0x6
 182 0057 24       		.uleb128 0x24
 183 0058 00       		.byte	0
 184 0059 0B       		.uleb128 0xb
 185 005a 0B       		.uleb128 0xb
 186 005b 3E       		.uleb128 0x3e
 187 005c 0B       		.uleb128 0xb
 188 005d 03       		.uleb128 0x3
 189 005e 08       		.uleb128 0x8
 190 005f 00       		.byte	0
 191 0060 00       		.byte	0
 192 0061 00       		.byte	0
 193              		.section	.debug_aranges,"",%progbits
 194 0000 1C000000 		.4byte	0x1c
 195 0004 0200     		.2byte	0x2
 196 0006 00000000 		.4byte	.Ldebug_info0
 197 000a 04       		.byte	0x4
 198 000b 00       		.byte	0
 199 000c 0000     		.2byte	0
 200 000e 0000     		.2byte	0
 201 0010 00000000 		.4byte	.LFB0
 202 0014 02000000 		.4byte	.LFE0-.LFB0
 203 0018 00000000 		.4byte	0
 204 001c 00000000 		.4byte	0
 205              		.section	.debug_ranges,"",%progbits
 206              	.Ldebug_ranges0:
 207 0000 00000000 		.4byte	.LFB0
 208 0004 02000000 		.4byte	.LFE0
 209 0008 00000000 		.4byte	0
 210 000c 00000000 		.4byte	0
 211              		.section	.debug_line,"",%progbits
ARM GAS  C:\Users\dev\AppData\Local\Temp\ccrlOlx6.s 			page 5


 212              	.Ldebug_line0:
 213 0000 34000000 		.section	.debug_str,"MS",%progbits,1
 213      02001F00 
 213      00000201 
 213      FB0E0D00 
 213      01010101 
 214              	.LASF4:
 215 0000 6D795541 		.ascii	"myUART_PutChar\000"
 215      52545F50 
 215      75744368 
 215      617200
 216              	.LASF5:
 217 000f 73686966 		.ascii	"shift_reg\000"
 217      745F7265 
 217      6700
 218              	.LASF3:
 219 0019 433A5C50 		.ascii	"C:\\Projects\\Pain Drain\\Production2\\Firmware\\Pa"
 219      726F6A65 
 219      6374735C 
 219      5061696E 
 219      20447261 
 220 0047 696E4472 		.ascii	"inDrain\\PainDrain.cydsn\000"
 220      61696E5C 
 220      5061696E 
 220      44726169 
 220      6E2E6379 
 221              	.LASF2:
 222 005f 6D795541 		.ascii	"myUART.c\000"
 222      52542E63 
 222      00
 223              	.LASF1:
 224 0068 474E5520 		.ascii	"GNU C11 5.4.1 20160609 (release) [ARM/embedded-5-br"
 224      43313120 
 224      352E342E 
 224      31203230 
 224      31363036 
 225 009b 616E6368 		.ascii	"anch revision 237715] -mcpu=cortex-m4 -mfloat-abi=s"
 225      20726576 
 225      6973696F 
 225      6E203233 
 225      37373135 
 226 00ce 6F667466 		.ascii	"oftfp -mfpu=fpv4-sp-d16 -mthumb -g -Og -ffunction-s"
 226      70202D6D 
 226      6670753D 
 226      66707634 
 226      2D73702D 
 227 0101 65637469 		.ascii	"ections -ffat-lto-objects\000"
 227      6F6E7320 
 227      2D666661 
 227      742D6C74 
 227      6F2D6F62 
 228              	.LASF0:
 229 011b 63686172 		.ascii	"char\000"
 229      00
 230              		.ident	"GCC: (GNU Tools for ARM Embedded Processors) 5.4.1 20160609 (release) [ARM/embedded-5-bran
